<?xml version="1.0" encoding="UTF-8"?>
<testsuite xmlns:xsi="http://www.w3.org/2001/XMLSchema-instance" xsi:noNamespaceSchemaLocation="https://maven.apache.org/surefire/maven-surefire-plugin/xsd/surefire-test-report.xsd" name="com.jpmillan.AppTest" time="0.109" tests="5" errors="0" skipped="0" failures="0">
  <properties>
[...]
</properties>
  <testcase name="dataCanContainSelfManagingEmployees" classname="com.jpmillan.AppTest" time="0.063"/>
  <testcase name="dataHasInitialContentList" classname="com.jpmillan.AppTest" time="0.02"/>
  <testcase name="dataCanContainMultipleUnmanagedEmployees" classname="com.jpmillan.AppTest" time="0.004"/>
  <testcase name="dataContainsCEO" classname="com.jpmillan.AppTest" time="0.004"/>
  <testcase name="dataCanContainInvalidManagers" classname="com.jpmillan.AppTest" time="0.002"/>
</testsuite>